make -C omd deb
make[1]: Entering directory '/home/me/checkmk/omd'
/usr/bin/mkdir -p /home/me/checkmk/omd/build
rm -f /home/me/checkmk/omd/build/build-helper-files.make
for P in openssl redis libgsf cpp-libs perl-modules Python freetds protobuf python3-modules rrdtool lcab msitools net-snmp apache-omd lasso xinetd mod_auth_mellon mod_fcgid mod_wsgi check_mk mk-livestatus stunnel nagios monitoring-plugins nagvis nrpe omd navicli pnp4nagios maintenance patch heirloom-mailx snap7 heirloom-pkgtools livestatus unixcat neb xmlsec1; do \
  inc_path=/home/me/checkmk/omd/packages/$P/$P.make; \
  if [[ $P == 'enterprise' || $P == 'free' || $P == 'managed' || $P == 'cloud' || $P == 'saas' ]] ; then \
    inc_path=/home/me/checkmk/$P/$P.make; \
  fi ; \
  P_VAR=$(echo ${P^^} | tr '-' '_' ); \
  egrep -h "^$P_VAR\s+:=\s+" $inc_path >> /home/me/checkmk/omd/build/build-helper-files.make ; \
  egrep -h "^${P_VAR}_VERS\s+:=\s+" $inc_path >> /home/me/checkmk/omd/build/build-helper-files.make ; \
  egrep -h "^${P_VAR}_DIR\s+:=\s+" $inc_path >> /home/me/checkmk/omd/build/build-helper-files.make ; \
  egrep -h "^${P_VAR}_BUILD(_[A-Z]+)?\s+:=\s+" $inc_path >> /home/me/checkmk/omd/build/build-helper-files.make ; \
  egrep -h "^${P_VAR}_INSTALL(_[A-Z]+)?\s+:=\s+" $inc_path >> /home/me/checkmk/omd/build/build-helper-files.make ; \
  egrep -h "^${P_VAR}_INTERMEDIATE_INSTALL(_[A-Z]+)?\s+:=\s+" $inc_path >> /home/me/checkmk/omd/build/build-helper-files.make ; \
  egrep -h "^${P_VAR}_CACHE_PKG_PROCESS(_[A-Z]+)?\s+:=\s+" $inc_path >> /home/me/checkmk/omd/build/build-helper-files.make ; \
done || true
egrep -h "^PACKAGE_PYTHON3_MODULES_PYTHON_DEPS?\s+:=\s+" packages/python3-modules/python3-modules.make >> /home/me/checkmk/omd/build/build-helper-files.make
if [ "jammy" = "jessie" ] || [ "jammy" = "trusty" ] || [ "jammy" = "xenial" ]; then \
    TARGET="-us -uc -B" ; \
else \
    TARGET="--no-sign -- clean build-arch binary-arch" ; \
fi && \
    debuild \
    --preserve-envvar="NEXUS_*" \
    --preserve-envvar="BAZEL_*" \
    --preserve-envvar="MAKE" \
    --preserve-envvar="PYTHON_ENABLE_OPTIMIZATIONS" \
    --preserve-envvar="RUSTUP_HOME" \
    --prepend-path $HOME/.cargo/bin \
    --prepend-path=/usr/local/bin \
    --set-envvar EDITION=raw \
    --no-lintian \
    -i\.git -I\.git \
    -i.gitignore -I.gitignore \
    -rfakeroot \
    $TARGET
 dpkg-buildpackage --rules-target clean -rfakeroot -us -uc -ui -i.git -I.git -i.gitignore -I.gitignore
dpkg-buildpackage: info: source package check-mk-raw-2.3.0b1
dpkg-buildpackage: info: source version 0.jammy
dpkg-buildpackage: info: source distribution jammy
dpkg-buildpackage: info: source changed by Checkmk team <feedback@checkmk.com>
 fakeroot debian/rules clean
dh_testdir
dh_testroot
/usr/bin/make EDITION=raw clean
make[1]: Entering directory '/home/me/checkmk/omd'
rm -rf /home/me/checkmk/omd/build/dest
rm -rf /home/me/checkmk/omd/build/stamps/*-install
rm -f -r /home/me/checkmk/omd/build/stamps
rm -f -r /home/me/checkmk/omd/build
rm -f -r /home/me/checkmk/omd/build/package_build
make[1]: Leaving directory '/home/me/checkmk/omd'
rm -f `pwd`/debian/postinst
rm -f `pwd`/debian/preinst
rm -f `pwd`/debian/prerm
rm -f `pwd`/debian/postrm
rm -f `pwd`/debian/init
rm -f `pwd`/debian/links
rm -f `pwd`/debian/*.debhelper
rm -rf `pwd`/debian/check-mk-*-[0-9].[0-9.]*
rm -rf `pwd`/debian/check-mk-*-[1-9][0-9].[0-9.]*
dh_clean
 dpkg-buildpackage --rules-target build-arch -rfakeroot -us -uc -ui -i.git -I.git -i.gitignore -I.gitignore
dpkg-buildpackage: info: source package check-mk-raw-2.3.0b1
dpkg-buildpackage: info: source version 0.jammy
dpkg-buildpackage: info: source distribution jammy
dpkg-buildpackage: info: source changed by Checkmk team <feedback@checkmk.com>
dpkg-buildpackage: info: host architecture amd64
 debian/rules build-arch
dh_testdir
#dh_testroot
# Keep the package installation directory for incremental builds. In case a
# fresh build is requested, debuild will be called with "clean"
dh_prep --exclude=`dh_listpackages`
dh_installdirs
# This target compiles and installs everything needed into our DESTDIR
/usr/bin/make EDITION=raw DESTDIR=`pwd`/debian/`dh_listpackages` install
make[1]: Entering directory '/home/me/checkmk/omd'
/usr/bin/mkdir -p /home/me/checkmk/omd/build
rm -f /home/me/checkmk/omd/build/build-helper-files.make
for P in openssl redis libgsf cpp-libs perl-modules Python freetds protobuf python3-modules rrdtool lcab msitools net-snmp apache-omd lasso xinetd mod_auth_mellon mod_fcgid mod_wsgi check_mk mk-livestatus stunnel nagios monitoring-plugins nagvis nrpe omd navicli pnp4nagios maintenance patch heirloom-mailx snap7 heirloom-pkgtools livestatus unixcat neb xmlsec1; do \
  inc_path=/home/me/checkmk/omd/packages/$P/$P.make; \
  if [[ $P == 'enterprise' || $P == 'free' || $P == 'managed' || $P == 'cloud' || $P == 'saas' ]] ; then \
    inc_path=/home/me/checkmk/$P/$P.make; \
  fi ; \
  P_VAR=$(echo ${P^^} | tr '-' '_' ); \
  egrep -h "^$P_VAR\s+:=\s+" $inc_path >> /home/me/checkmk/omd/build/build-helper-files.make ; \
  egrep -h "^${P_VAR}_VERS\s+:=\s+" $inc_path >> /home/me/checkmk/omd/build/build-helper-files.make ; \
  egrep -h "^${P_VAR}_DIR\s+:=\s+" $inc_path >> /home/me/checkmk/omd/build/build-helper-files.make ; \
  egrep -h "^${P_VAR}_BUILD(_[A-Z]+)?\s+:=\s+" $inc_path >> /home/me/checkmk/omd/build/build-helper-files.make ; \
  egrep -h "^${P_VAR}_INSTALL(_[A-Z]+)?\s+:=\s+" $inc_path >> /home/me/checkmk/omd/build/build-helper-files.make ; \
  egrep -h "^${P_VAR}_INTERMEDIATE_INSTALL(_[A-Z]+)?\s+:=\s+" $inc_path >> /home/me/checkmk/omd/build/build-helper-files.make ; \
  egrep -h "^${P_VAR}_CACHE_PKG_PROCESS(_[A-Z]+)?\s+:=\s+" $inc_path >> /home/me/checkmk/omd/build/build-helper-files.make ; \
done || true
egrep -h "^PACKAGE_PYTHON3_MODULES_PYTHON_DEPS?\s+:=\s+" packages/python3-modules/python3-modules.make >> /home/me/checkmk/omd/build/build-helper-files.make
"../scripts/run-bazel-build.sh" @openssl//:openssl
make[2]: Entering directory '/home/me/checkmk'
make[2]: Leaving directory '/home/me/checkmk'
=========================================================================
Environment variables taken into account by Bazel building "@openssl//:openssl"
  BAZEL_EXTRA_ARGS: 
  PATH: /opt/bin:/usr/local/sbin:/usr/local/bin:/usr/sbin:/usr/bin:/sbin:/bin
  SYSTEM_DIGEST: {
  'sha1sum:/usr/lib/x86_64-linux-gnu/libc.so': 'bf300e22c0e6cf4e8e2168172421cba3423fc08e',
  'sha1sum:/lib64/libc.so.6': '--',
  'sha1sum:/usr/lib64/libc.so': '--',
  'sha1sum:/opt/gcc-13.2.0': '--',
  'eval:os-release-name': 'Ubuntu 22.04.3 LTS'
}

A file /home/me/checkmk/bazel_execution_log-openssl_openssl.json will be generated by Bazel containing
information about caching
=========================================================================
bazel 6.1.1

BAZEL REMOTE CACHING NOT CONFIGURED!
To do so, set BAZEL_CACHE_URL, BAZEL_CACHE_USER and BAZEL_CACHE_PASSWORD

=========================================================================
Loading: 
Loading: 
Loading: 0 packages loaded
Analyzing: target @openssl//:openssl (0 packages loaded, 0 targets configured)
INFO: Analyzed target @openssl//:openssl (0 packages loaded, 0 targets configured).
INFO: Found 1 target...
[0 / 1] [Prepa] BazelWorkspaceStatusAction stable-status.txt
Target @openssl//:openssl up-to-date:
  bazel-bin/external/openssl/openssl/include
  bazel-bin/external/openssl/openssl/skel
  bazel-bin/external/openssl/openssl/lib/pkgconfig
  bazel-bin/external/openssl/openssl/lib/engines-1.1
  bazel-bin/external/openssl/openssl/bin/openssl
  bazel-bin/external/openssl/openssl/bin/c_rehash
  bazel-bin/external/openssl/openssl/lib/libssl.a
  bazel-bin/external/openssl/openssl/lib/libcrypto.a
  bazel-bin/external/openssl/openssl/lib/libssl.so
  bazel-bin/external/openssl/openssl/lib/libssl.so.1.1
  bazel-bin/external/openssl/openssl/lib/libcrypto.so
  bazel-bin/external/openssl/openssl/lib/libcrypto.so.1.1
  bazel-bin/external/openssl/copy_openssl/openssl
INFO: Elapsed time: 0.471s, Critical Path: 0.00s
INFO: 1 process: 1 internal.
INFO: Build completed successfully, 1 total action
/usr/bin/mkdir -p /home/me/checkmk/omd/build/stamps
/usr/bin/touch /home/me/checkmk/omd/build/stamps/openssl-1.1.1t-build
mkdir -p "/home/me/checkmk/omd/build/intermediate_install/openssl-1.1.1t"
# This will leave us with some strange file permissions, but works for now, see
# https://stackoverflow.com/questions/75208034
rsync -r --links --chmod=u+w """/home/me/checkmk/bazel-bin"/external"/openssl/openssl/" "/home/me/checkmk/omd/build/intermediate_install/openssl-1.1.1t/"
/usr/bin/touch /home/me/checkmk/omd/build/stamps/openssl-1.1.1t-install-intermediate
/usr/bin/mkdir -p /home/me/checkmk/omd/debian/check-mk-raw-2.3.0b1/opt/omd
A="/opt/omd" ; ln -sfn ${A:1} /home/me/checkmk/omd/debian/check-mk-raw-2.3.0b1/omd
/usr/bin/mkdir -p /home/me/checkmk/omd/debian/check-mk-raw-2.3.0b1/omd/versions/2.3.0b1.cre/bin
/usr/bin/mkdir -p /home/me/checkmk/omd/debian/check-mk-raw-2.3.0b1/omd/versions/2.3.0b1.cre/lib/omd/hooks
/usr/bin/mkdir -p /home/me/checkmk/omd/debian/check-mk-raw-2.3.0b1/omd/versions/2.3.0b1.cre/lib/nagios/plugins
/usr/bin/mkdir -p /home/me/checkmk/omd/debian/check-mk-raw-2.3.0b1/omd/versions/2.3.0b1.cre/share/omd
/usr/bin/mkdir -p /home/me/checkmk/omd/debian/check-mk-raw-2.3.0b1/omd/versions/2.3.0b1.cre/share/diskspace
/usr/bin/mkdir -p /home/me/checkmk/omd/debian/check-mk-raw-2.3.0b1/omd/versions/2.3.0b1.cre/share/man/man1
/usr/bin/mkdir -p /home/me/checkmk/omd/debian/check-mk-raw-2.3.0b1/omd/versions/2.3.0b1.cre/skel
+++ [1692565308] Build step '/home/me/checkmk/omd/build/stamps/pre-install': done
touch /home/me/checkmk/omd/build/stamps/pre-install
/usr/bin/touch /home/me/checkmk/omd/build/stamps/openssl-1.1.1t-cache-pkg-process
/usr/bin/mkdir -p /home/me/checkmk/omd/debian/check-mk-raw-2.3.0b1/omd/versions/2.3.0b1.cre/skel
set -e ; \
    PACKAGE_NAME="$(echo "openssl-1.1.1t" | sed 's/-[0-9.]\+.*//')"; \
    PACKAGE_PATH="/home/me/checkmk/omd/packages/$PACKAGE_NAME"; \
    if [ ! -d "$PACKAGE_PATH" ]; then \
	echo "ERROR: Package directory does not exist" ; \
	exit 1; \
    fi ; \
    if [ -d "$PACKAGE_PATH/skel" ]; then \
	tar cf - -C "$PACKAGE_PATH/skel" \
	    --exclude="*~" \
	    --exclude=".gitignore" \
	    --exclude=".f12" \
	    . | tar xvf - -C /home/me/checkmk/omd/debian/check-mk-raw-2.3.0b1/omd/versions/2.3.0b1.cre/skel ; \
            fi
rsync -r --links --perms "/home/me/checkmk/omd/build/intermediate_install/openssl-1.1.1t/" "/home/me/checkmk/omd/debian/check-mk-raw-2.3.0b1/omd/versions/2.3.0b1.cre/"
patchelf --set-rpath "\$ORIGIN/../lib" \
    "/home/me/checkmk/omd/debian/check-mk-raw-2.3.0b1/omd/versions/2.3.0b1.cre/bin/openssl" \
    "/home/me/checkmk/omd/debian/check-mk-raw-2.3.0b1/omd/versions/2.3.0b1.cre/lib/libssl.so" \
    "/home/me/checkmk/omd/debian/check-mk-raw-2.3.0b1/omd/versions/2.3.0b1.cre/lib/libssl.so.1.1" \
    "/home/me/checkmk/omd/debian/check-mk-raw-2.3.0b1/omd/versions/2.3.0b1.cre/lib/libcrypto.so" \
    "/home/me/checkmk/omd/debian/check-mk-raw-2.3.0b1/omd/versions/2.3.0b1.cre/lib/libcrypto.so.1.1"
/usr/bin/touch /home/me/checkmk/omd/build/stamps/openssl-1.1.1t-install
+++ [1692565308] Build step '/home/me/checkmk/omd/build/stamps/openssl-1.1.1t-install-log': done
"../scripts/run-bazel-build.sh" @redis//:build
make[2]: Entering directory '/home/me/checkmk'
make[2]: Leaving directory '/home/me/checkmk'
=========================================================================
Environment variables taken into account by Bazel building "@redis//:build"
  BAZEL_EXTRA_ARGS: 
  PATH: /opt/bin:/usr/local/sbin:/usr/local/bin:/usr/sbin:/usr/bin:/sbin:/bin
  SYSTEM_DIGEST: {
  'sha1sum:/usr/lib/x86_64-linux-gnu/libc.so': 'bf300e22c0e6cf4e8e2168172421cba3423fc08e',
  'sha1sum:/lib64/libc.so.6': '--',
  'sha1sum:/usr/lib64/libc.so': '--',
  'sha1sum:/opt/gcc-13.2.0': '--',
  'eval:os-release-name': 'Ubuntu 22.04.3 LTS'
}

A file /home/me/checkmk/bazel_execution_log-redis_build.json will be generated by Bazel containing
information about caching
=========================================================================
bazel 6.1.1

BAZEL REMOTE CACHING NOT CONFIGURED!
To do so, set BAZEL_CACHE_URL, BAZEL_CACHE_USER and BAZEL_CACHE_PASSWORD

=========================================================================
Loading: 
Loading: 
Loading: 0 packages loaded
Analyzing: target @redis//:build (0 packages loaded, 0 targets configured)
INFO: Analyzed target @redis//:build (0 packages loaded, 0 targets configured).
INFO: Found 1 target...
[0 / 1] [Prepa] BazelWorkspaceStatusAction stable-status.txt
Target @redis//:build up-to-date:
  bazel-bin/external/redis/bin/redis-benchmark
  bazel-bin/external/redis/bin/redis-check-aof
  bazel-bin/external/redis/bin/redis-check-rdb
  bazel-bin/external/redis/bin/redis-cli
  bazel-bin/external/redis/bin/redis-sentinel
  bazel-bin/external/redis/bin/redis-server
INFO: Elapsed time: 0.377s, Critical Path: 0.00s
INFO: 1 process: 1 internal.
INFO: Build completed successfully, 1 total action
"../scripts/run-bazel-build.sh" @redis//:skel
make[2]: Entering directory '/home/me/checkmk'
make[2]: Leaving directory '/home/me/checkmk'
=========================================================================
Environment variables taken into account by Bazel building "@redis//:skel"
  BAZEL_EXTRA_ARGS: 
  PATH: /opt/bin:/usr/local/sbin:/usr/local/bin:/usr/sbin:/usr/bin:/sbin:/bin
  SYSTEM_DIGEST: {
  'sha1sum:/usr/lib/x86_64-linux-gnu/libc.so': 'bf300e22c0e6cf4e8e2168172421cba3423fc08e',
  'sha1sum:/lib64/libc.so.6': '--',
  'sha1sum:/usr/lib64/libc.so': '--',
  'sha1sum:/opt/gcc-13.2.0': '--',
  'eval:os-release-name': 'Ubuntu 22.04.3 LTS'
}

A file /home/me/checkmk/bazel_execution_log-redis_skel.json will be generated by Bazel containing
information about caching
=========================================================================
bazel 6.1.1

BAZEL REMOTE CACHING NOT CONFIGURED!
To do so, set BAZEL_CACHE_URL, BAZEL_CACHE_USER and BAZEL_CACHE_PASSWORD

=========================================================================
Loading: 
Loading: 
Loading: 0 packages loaded
Analyzing: target @redis//:skel (0 packages loaded, 0 targets configured)
INFO: Analyzed target @redis//:skel (0 packages loaded, 0 targets configured).
INFO: Found 1 target...
[0 / 1] [Prepa] BazelWorkspaceStatusAction stable-status.txt
Target @redis//:skel up-to-date:
  bazel-bin/external/redis/skeleton/etc/init.d/redis
  bazel-bin/external/redis/skeleton/etc/logrotate.d/redis
  bazel-bin/external/redis/skeleton/etc/rc.d/85-redis
  bazel-bin/external/redis/skeleton/etc/redis/redis.conf
INFO: Elapsed time: 0.364s, Critical Path: 0.00s
INFO: 1 process: 1 internal.
INFO: Build completed successfully, 1 total action
/usr/bin/mkdir -p /home/me/checkmk/omd/debian/check-mk-raw-2.3.0b1/omd/versions/2.3.0b1.cre/skel
set -e ; \
    PACKAGE_NAME="$(echo "redis-6.2.6" | sed 's/-[0-9.]\+.*//')"; \
    PACKAGE_PATH="/home/me/checkmk/omd/packages/$PACKAGE_NAME"; \
    if [ ! -d "$PACKAGE_PATH" ]; then \
	echo "ERROR: Package directory does not exist" ; \
	exit 1; \
    fi ; \
    if [ -d "$PACKAGE_PATH/skel" ]; then \
	tar cf - -C "$PACKAGE_PATH/skel" \
	    --exclude="*~" \
	    --exclude=".gitignore" \
	    --exclude=".f12" \
	    . | tar xvf - -C /home/me/checkmk/omd/debian/check-mk-raw-2.3.0b1/omd/versions/2.3.0b1.cre/skel ; \
            fi
/usr/bin/rsync -a --chmod=Du=rwx,Dg=rwx,Do=rx,Fu=rwx,Fg=rx,Fo=rx ""/home/me/checkmk/bazel-bin"/external"/redis/bin /home/me/checkmk/omd/debian/check-mk-raw-2.3.0b1/omd/versions/2.3.0b1.cre/
/usr/bin/rsync -a --chmod=Du=rwx,Dg=rwx,Do=rx,Fu=rwx,Fg=rwx,Fo=rx ""/home/me/checkmk/bazel-bin"/external"/redis/skeleton/ /home/me/checkmk/omd/debian/check-mk-raw-2.3.0b1/omd/versions/2.3.0b1.cre/skel
/usr/bin/mkdir -p /home/me/checkmk/omd/debian/check-mk-raw-2.3.0b1/omd/versions/2.3.0b1.cre/skel/etc/rc.d/
cd /home/me/checkmk/omd/debian/check-mk-raw-2.3.0b1/omd/versions/2.3.0b1.cre/skel/etc/rc.d/ && \
/usr/bin/ln -sf ../init.d/redis 85-redis
/usr/bin/mkdir -p /home/me/checkmk/omd/debian/check-mk-raw-2.3.0b1/omd/versions/2.3.0b1.cre/skel/var/redis
chmod 640 /home/me/checkmk/omd/debian/check-mk-raw-2.3.0b1/omd/versions/2.3.0b1.cre/skel/etc/logrotate.d/redis
chmod 750 /home/me/checkmk/omd/debian/check-mk-raw-2.3.0b1/omd/versions/2.3.0b1.cre/skel/etc/redis
chmod 640 /home/me/checkmk/omd/debian/check-mk-raw-2.3.0b1/omd/versions/2.3.0b1.cre/skel/etc/redis/redis.conf
chmod 750 /home/me/checkmk/omd/debian/check-mk-raw-2.3.0b1/omd/versions/2.3.0b1.cre/skel/etc/init.d/redis
/usr/bin/touch /home/me/checkmk/omd/build/stamps/redis-6.2.6-install
+++ [1692565311] Build step '/home/me/checkmk/omd/build/stamps/redis-6.2.6-install-log': done
/usr/bin/mkdir -p /home/me/checkmk/omd/debian/check-mk-raw-2.3.0b1/omd/versions/2.3.0b1.cre/skel
set -e ; \
    PACKAGE_NAME="$(echo "libgsf" | sed 's/-[0-9.]\+.*//')"; \
    PACKAGE_PATH="/home/me/checkmk/omd/packages/$PACKAGE_NAME"; \
    if [ ! -d "$PACKAGE_PATH" ]; then \
	echo "ERROR: Package directory does not exist" ; \
	exit 1; \
    fi ; \
    if [ -d "$PACKAGE_PATH/skel" ]; then \
	tar cf - -C "$PACKAGE_PATH/skel" \
	    --exclude="*~" \
	    --exclude=".gitignore" \
	    --exclude=".f12" \
	    . | tar xvf - -C /home/me/checkmk/omd/debian/check-mk-raw-2.3.0b1/omd/versions/2.3.0b1.cre/skel ; \
            fi
+++ [1692565311] Build step '/home/me/checkmk/omd/build/stamps/libgsf-install-log': done
/usr/bin/mkdir -p /home/me/checkmk/omd/build/stamps
/usr/bin/touch /home/me/checkmk/omd/build/stamps/cpp-libs-1.0-build
if [ -d "/opt/gcc-13.2.0" ]; then \
    /usr/bin/mkdir -p /home/me/checkmk/omd/build/intermediate_install/cpp-libs-1.0/lib && \
    cp -av /opt/gcc-13.2.0/lib64/lib{stdc++,gcc_s}* /home/me/checkmk/omd/build/intermediate_install/cpp-libs-1.0/lib ; \
fi
/usr/bin/touch /home/me/checkmk/omd/build/stamps/cpp-libs-1.0-install-intermediate
/usr/bin/mkdir -p /home/me/checkmk/omd/debian/check-mk-raw-2.3.0b1/omd/versions/2.3.0b1.cre/skel
set -e ; \
    PACKAGE_NAME="$(echo "cpp-libs-1.0" | sed 's/-[0-9.]\+.*//')"; \
    PACKAGE_PATH="/home/me/checkmk/omd/packages/$PACKAGE_NAME"; \
    if [ ! -d "$PACKAGE_PATH" ]; then \
	echo "ERROR: Package directory does not exist" ; \
	exit 1; \
    fi ; \
    if [ -d "$PACKAGE_PATH/skel" ]; then \
	tar cf - -C "$PACKAGE_PATH/skel" \
	    --exclude="*~" \
	    --exclude=".gitignore" \
	    --exclude=".f12" \
	    . | tar xvf - -C /home/me/checkmk/omd/debian/check-mk-raw-2.3.0b1/omd/versions/2.3.0b1.cre/skel ; \
            fi
if [ -d "/home/me/checkmk/omd/build/intermediate_install/cpp-libs-1.0" ]; then \
    /usr/bin/rsync -a /home/me/checkmk/omd/build/intermediate_install/cpp-libs-1.0/ /home/me/checkmk/omd/debian/check-mk-raw-2.3.0b1/omd/versions/2.3.0b1.cre/ ; \
fi
/usr/bin/touch /home/me/checkmk/omd/build/stamps/cpp-libs-1.0-install
+++ [1692565311] Build step '/home/me/checkmk/omd/build/stamps/cpp-libs-1.0-install-log': done
"../scripts/run-bazel-build.sh" //omd/packages/perl-modules:perl-modules
make[2]: Entering directory '/home/me/checkmk'
make[2]: Leaving directory '/home/me/checkmk'
=========================================================================
Environment variables taken into account by Bazel building "//omd/packages/perl-modules:perl-modules"
  BAZEL_EXTRA_ARGS: 
  PATH: /opt/bin:/usr/local/sbin:/usr/local/bin:/usr/sbin:/usr/bin:/sbin:/bin
  SYSTEM_DIGEST: {
  'sha1sum:/usr/lib/x86_64-linux-gnu/libc.so': 'bf300e22c0e6cf4e8e2168172421cba3423fc08e',
  'sha1sum:/lib64/libc.so.6': '--',
  'sha1sum:/usr/lib64/libc.so': '--',
  'sha1sum:/opt/gcc-13.2.0': '--',
  'eval:os-release-name': 'Ubuntu 22.04.3 LTS'
}

A file /home/me/checkmk/bazel_execution_log-omd_packages_perl-modules_perl-modules.json will be generated by Bazel containing
information about caching
=========================================================================
bazel 6.1.1

BAZEL REMOTE CACHING NOT CONFIGURED!
To do so, set BAZEL_CACHE_URL, BAZEL_CACHE_USER and BAZEL_CACHE_PASSWORD

=========================================================================
Loading: 
Loading: 
Loading: 0 packages loaded
WARNING: /home/me/checkmk/omd/packages/perl-modules/BUILD:42:8: target 'perl-modules' is both a rule and a file; please choose another name for the rule
Analyzing: target //omd/packages/perl-modules:perl-modules (0 packages loaded, 0 targets configured)
INFO: Analyzed target //omd/packages/perl-modules:perl-modules (0 packages loaded, 0 targets configured).
INFO: Found 1 target...
[0 / 2] [Prepa] BazelWorkspaceStatusAction stable-status.txt
Target //omd/packages/perl-modules:perl-modules up-to-date:
  bazel-bin/omd/packages/perl-modules/perl-modules
INFO: Elapsed time: 0.381s, Critical Path: 0.00s
INFO: 1 process: 1 internal.
INFO: Build completed successfully, 1 total action
/usr/bin/mkdir -p /home/me/checkmk/omd/build/intermediate_install/perl-modules/lib/perl5 /home/me/checkmk/omd/build/intermediate_install/perl-modules/bin
/usr/bin/rsync -a "/home/me/checkmk/bazel-bin"/omd/packages/perl-modules/perl-modules/lib /home/me/checkmk/omd/build/intermediate_install/perl-modules/lib/perl5
/usr/bin/rsync -a "/home/me/checkmk/bazel-bin"/omd/packages/perl-modules/perl-modules/bin /home/me/checkmk/omd/build/intermediate_install/perl-modules/lib/perl5
/usr/bin/mkdir -p /home/me/checkmk/omd/build/intermediate_install/perl-modules/local/lib/perl5
install -m 755 /home/me/checkmk/omd/packages/perl-modules/bin/cpan.wrapper /home/me/checkmk/omd/build/intermediate_install/perl-modules/bin/cpan.wrapper
find /home/me/checkmk/omd/build/intermediate_install/perl-modules/lib/perl5 -type f -name \*.so -exec chmod u+w {} \;
find /home/me/checkmk/omd/build/intermediate_install/perl-modules/lib/perl5 -type f -name \*.pm -exec chmod -x {} \;
cd "/home/me/checkmk/bazel-bin"/omd/packages/perl-modules/perl-modules/lib/perl5 ; rm -f utils.pm ; ln -s ../../../nagios/plugins/utils.pm .
/usr/bin/mkdir -p "/home/me/checkmk/bazel-bin"/omd/packages/perl-modules/perl-modules/lib/perl5/CPAN
cp /home/me/checkmk/omd/packages/perl-modules/MyConfig.pm "/home/me/checkmk/bazel-bin"/omd/packages/perl-modules/perl-modules/lib/perl5/CPAN/MyConfig.skel
/usr/bin/touch /home/me/checkmk/omd/build/stamps/perl-modules-install-intermediate
/usr/bin/mkdir -p /home/me/checkmk/omd/debian/check-mk-raw-2.3.0b1/omd/versions/2.3.0b1.cre/skel
set -e ; \
    PACKAGE_NAME="$(echo "perl-modules" | sed 's/-[0-9.]\+.*//')"; \
    PACKAGE_PATH="/home/me/checkmk/omd/packages/$PACKAGE_NAME"; \
    if [ ! -d "$PACKAGE_PATH" ]; then \
	echo "ERROR: Package directory does not exist" ; \
	exit 1; \
    fi ; \
    if [ -d "$PACKAGE_PATH/skel" ]; then \
	tar cf - -C "$PACKAGE_PATH/skel" \
	    --exclude="*~" \
	    --exclude=".gitignore" \
	    --exclude=".f12" \
	    . | tar xvf - -C /home/me/checkmk/omd/debian/check-mk-raw-2.3.0b1/omd/versions/2.3.0b1.cre/skel ; \
            fi
/usr/bin/rsync -a /home/me/checkmk/omd/build/intermediate_install/perl-modules/ /home/me/checkmk/omd/debian/check-mk-raw-2.3.0b1/omd/versions/2.3.0b1.cre/
echo "install  --install_base  ###ROOT###/local/lib/perl5" > /home/me/checkmk/omd/debian/check-mk-raw-2.3.0b1/omd/versions/2.3.0b1.cre/skel/.modulebuildrc
/usr/bin/touch /home/me/checkmk/omd/build/stamps/perl-modules-install
+++ [1692565315] Build step '/home/me/checkmk/omd/build/stamps/perl-modules-install-log': done
"../scripts/run-bazel-build.sh" @python//:python
make[2]: Entering directory '/home/me/checkmk'
make[2]: Leaving directory '/home/me/checkmk'
=========================================================================
Environment variables taken into account by Bazel building "@python//:python"
  BAZEL_EXTRA_ARGS: 
  PATH: /opt/bin:/usr/local/sbin:/usr/local/bin:/usr/sbin:/usr/bin:/sbin:/bin
  SYSTEM_DIGEST: {
  'sha1sum:/usr/lib/x86_64-linux-gnu/libc.so': 'bf300e22c0e6cf4e8e2168172421cba3423fc08e',
  'sha1sum:/lib64/libc.so.6': '--',
  'sha1sum:/usr/lib64/libc.so': '--',
  'sha1sum:/opt/gcc-13.2.0': '--',
  'eval:os-release-name': 'Ubuntu 22.04.3 LTS'
}

A file /home/me/checkmk/bazel_execution_log-python_python.json will be generated by Bazel containing
information about caching
=========================================================================
bazel 6.1.1

BAZEL REMOTE CACHING NOT CONFIGURED!
To do so, set BAZEL_CACHE_URL, BAZEL_CACHE_USER and BAZEL_CACHE_PASSWORD

=========================================================================
Loading: 
Loading: 
Loading: 0 packages loaded
Analyzing: target @python//:python (0 packages loaded, 0 targets configured)
INFO: Analyzed target @python//:python (0 packages loaded, 0 targets configured).
INFO: Found 1 target...
[0 / 1] [Prepa] BazelWorkspaceStatusAction stable-status.txt
Target @python//:python up-to-date:
  bazel-bin/external/python/python/include
  bazel-bin/external/python/python/lib
  bazel-bin/external/python/python/share
  bazel-bin/external/python/python/bin/python3
  bazel-bin/external/python/python/bin/python3.11
  bazel-bin/external/python/python/bin/pip3
  bazel-bin/external/python/python/bin/pip3.11
  bazel-bin/external/python/python/bin/2to3
  bazel-bin/external/python/python/bin/2to3-3.11
  bazel-bin/external/python/python/bin/idle3
  bazel-bin/external/python/python/bin/idle3.11
  bazel-bin/external/python/python/bin/pydoc3
  bazel-bin/external/python/python/bin/pydoc3.11
  bazel-bin/external/python/python/bin/python3-config
  bazel-bin/external/python/python/bin/python3.11-config
  bazel-bin/external/python/copy_python/python
INFO: Elapsed time: 0.376s, Critical Path: 0.00s
INFO: 1 process: 1 internal.
INFO: Build completed successfully, 1 total action
mkdir -p "/home/me/checkmk/omd/build/intermediate_install/Python-3.11.2"
# This will leave us with some strange file permissions, but works for now, see
# https://stackoverflow.com/questions/75208034
/usr/bin/rsync -a -r --chmod=u+w """/home/me/checkmk/bazel-bin"/external"/python/python/" \
    "/home/me/checkmk/omd/build/intermediate_install/Python-3.11.2/"
# Fix sysconfigdata
/usr/bin/sed -i "s|/replace-me|/home/me/checkmk/omd/build/intermediate_install/Python-3.11.2|g" /home/me/checkmk/omd/build/intermediate_install/Python-3.11.2/lib/python3.11/_sysconfigdata__linux_x86_64-linux-gnu.py
# set RPATH for all ELF binaries we find
find "/home/me/checkmk/omd/build/intermediate_install/Python-3.11.2" -maxdepth 2 -type f -exec file {} \; \
    | grep ELF | cut -d ':' -f1 \
    | xargs patchelf --set-rpath "\$ORIGIN/../lib"
find "/home/me/checkmk/omd/build/intermediate_install/Python-3.11.2/lib/python3.11/lib-dynload" -name "*.so" -exec file {} \; \
    | grep ELF | cut -d ':' -f1 \
    | xargs patchelf --set-rpath "\$ORIGIN/../.."
/usr/bin/mkdir -p /home/me/checkmk/omd/debian/check-mk-raw-2.3.0b1/omd/versions/2.3.0b1.cre/skel
set -e ; \
    PACKAGE_NAME="$(echo "Python-3.11.2" | sed 's/-[0-9.]\+.*//')"; \
    PACKAGE_PATH="/home/me/checkmk/omd/packages/$PACKAGE_NAME"; \
    if [ ! -d "$PACKAGE_PATH" ]; then \
	echo "ERROR: Package directory does not exist" ; \
	exit 1; \
    fi ; \
    if [ -d "$PACKAGE_PATH/skel" ]; then \
	tar cf - -C "$PACKAGE_PATH/skel" \
	    --exclude="*~" \
	    --exclude=".gitignore" \
	    --exclude=".f12" \
	    . | tar xvf - -C /home/me/checkmk/omd/debian/check-mk-raw-2.3.0b1/omd/versions/2.3.0b1.cre/skel ; \
            fi
/usr/bin/rsync -a -rl --perms /home/me/checkmk/omd/build/intermediate_install/Python-3.11.2/ /home/me/checkmk/omd/debian/check-mk-raw-2.3.0b1/omd/versions/2.3.0b1.cre/
/usr/bin/sed -i "s|/home/me/checkmk/omd/build/intermediate_install/Python-3.11.2|/omd/versions/2.3.0b1.cre|g" /home/me/checkmk/omd/debian/check-mk-raw-2.3.0b1//omd/versions/2.3.0b1.cre/lib/python3.11/_sysconfigdata__linux_x86_64-linux-gnu.py
+++ [1692565320] Build step '/home/me/checkmk/omd/build/stamps/Python-3.11.2-install-log': done
"../scripts/run-bazel-build.sh" @freetds//:freetds
make[2]: Entering directory '/home/me/checkmk'
make[2]: Leaving directory '/home/me/checkmk'
=========================================================================
Environment variables taken into account by Bazel building "@freetds//:freetds"
  BAZEL_EXTRA_ARGS: 
  PATH: /opt/bin:/usr/local/sbin:/usr/local/bin:/usr/sbin:/usr/bin:/sbin:/bin
  SYSTEM_DIGEST: {
  'sha1sum:/usr/lib/x86_64-linux-gnu/libc.so': 'bf300e22c0e6cf4e8e2168172421cba3423fc08e',
  'sha1sum:/lib64/libc.so.6': '--',
  'sha1sum:/usr/lib64/libc.so': '--',
  'sha1sum:/opt/gcc-13.2.0': '--',
  'eval:os-release-name': 'Ubuntu 22.04.3 LTS'
}

A file /home/me/checkmk/bazel_execution_log-freetds_freetds.json will be generated by Bazel containing
information about caching
=========================================================================
bazel 6.1.1

BAZEL REMOTE CACHING NOT CONFIGURED!
To do so, set BAZEL_CACHE_URL, BAZEL_CACHE_USER and BAZEL_CACHE_PASSWORD

=========================================================================
Loading: 
Loading: 
Loading: 0 packages loaded
Analyzing: target @freetds//:freetds (0 packages loaded, 0 targets configured)
INFO: Analyzed target @freetds//:freetds (0 packages loaded, 0 targets configured).
INFO: Found 1 target...
[0 / 1] [Prepa] BazelWorkspaceStatusAction stable-status.txt
Target @freetds//:freetds up-to-date:
  bazel-bin/external/freetds/freetds/include
  bazel-bin/external/freetds/freetds/lib
  bazel-bin/external/freetds/copy_freetds/freetds
INFO: Elapsed time: 0.394s, Critical Path: 0.00s
INFO: 1 process: 1 internal.
INFO: Build completed successfully, 1 total action
/usr/bin/mkdir -p /home/me/checkmk/omd/build/stamps
/usr/bin/touch /home/me/checkmk/omd/build/stamps/freetds-build
# Package python-modules needs some stuff during the build.
/usr/bin/mkdir -p /home/me/checkmk/omd/build/intermediate_install/freetds/build
/usr/bin/rsync -a -r --chmod=u+w """/home/me/checkmk/bazel-bin"/external"/freetds/freetds/" "/home/me/checkmk/omd/build/intermediate_install/freetds/build/"
#
# At runtime we need only the libraries.
/usr/bin/mkdir -p /home/me/checkmk/omd/build/intermediate_install/freetds/runtime
/usr/bin/rsync -a -r --exclude=libct* --chmod=u+w """/home/me/checkmk/bazel-bin"/external"/freetds/freetds/lib" "/home/me/checkmk/omd/build/intermediate_install/freetds/runtime/"
patchelf --set-rpath "\$ORIGIN/../lib" \
    "/home/me/checkmk/omd/build/intermediate_install/freetds/runtime/lib/libsybdb.so" \
    "/home/me/checkmk/omd/build/intermediate_install/freetds/runtime/lib/libsybdb.so.5" \
    "/home/me/checkmk/omd/build/intermediate_install/freetds/runtime/lib/libsybdb.so.5.1.0"
/usr/bin/touch /home/me/checkmk/omd/build/stamps/freetds-install-intermediate
/usr/bin/touch /home/me/checkmk/omd/build/stamps/freetds-cache-pkg-process
/usr/bin/mkdir -p /home/me/checkmk/omd/debian/check-mk-raw-2.3.0b1/omd/versions/2.3.0b1.cre/skel
set -e ; \
    PACKAGE_NAME="$(echo "freetds" | sed 's/-[0-9.]\+.*//')"; \
    PACKAGE_PATH="/home/me/checkmk/omd/packages/$PACKAGE_NAME"; \
    if [ ! -d "$PACKAGE_PATH" ]; then \
	echo "ERROR: Package directory does not exist" ; \
	exit 1; \
    fi ; \
    if [ -d "$PACKAGE_PATH/skel" ]; then \
	tar cf - -C "$PACKAGE_PATH/skel" \
	    --exclude="*~" \
	    --exclude=".gitignore" \
	    --exclude=".f12" \
	    . | tar xvf - -C /home/me/checkmk/omd/debian/check-mk-raw-2.3.0b1/omd/versions/2.3.0b1.cre/skel ; \
            fi
/usr/bin/rsync -a /home/me/checkmk/omd/build/intermediate_install/freetds/runtime/ /home/me/checkmk/omd/debian/check-mk-raw-2.3.0b1/omd/versions/2.3.0b1.cre/
/usr/bin/touch /home/me/checkmk/omd/build/stamps/freetds-install
+++ [1692565321] Build step '/home/me/checkmk/omd/build/stamps/freetds-install-log': done
/usr/bin/mkdir -p /home/me/checkmk/omd/debian/check-mk-raw-2.3.0b1/omd/versions/2.3.0b1.cre/skel
set -e ; \
    PACKAGE_NAME="$(echo "protobuf-3.20.1" | sed 's/-[0-9.]\+.*//')"; \
    PACKAGE_PATH="/home/me/checkmk/omd/packages/$PACKAGE_NAME"; \
    if [ ! -d "$PACKAGE_PATH" ]; then \
	echo "ERROR: Package directory does not exist" ; \
	exit 1; \
    fi ; \
    if [ -d "$PACKAGE_PATH/skel" ]; then \
	tar cf - -C "$PACKAGE_PATH/skel" \
	    --exclude="*~" \
	    --exclude=".gitignore" \
	    --exclude=".f12" \
	    . | tar xvf - -C /home/me/checkmk/omd/debian/check-mk-raw-2.3.0b1/omd/versions/2.3.0b1.cre/skel ; \
            fi
+++ Unpacking /home/me/.cache/checkmk/packages/protobuf-3.20.1-library_6-python3.11_2.3.0_UBUNTU_22.04.tar.gz to /home/me/checkmk/omd/build/intermediate_install/protobuf-3.20.1-library
if [ -n "" ] && ! curl -sf -u ":" --head "/protobuf-3.20.1-library_6-python3.11_2.3.0_UBUNTU_22.04.tar.gz" >/dev/null; then echo "+++ Package not found on nexus. Upload package..." && if ! curl -sSf -u ":" --upload-file "/home/me/.cache/checkmk/packages/protobuf-3.20.1-library_6-python3.11_2.3.0_UBUNTU_22.04.tar.gz" "/" ; then echo "+++ ERROR: Upload failed. Continuing with build..." ; fi fi
/usr/bin/touch /home/me/checkmk/omd/build/stamps/protobuf-3.20.1-cache-pkg-process-library
/usr/bin/rsync -a \
    --exclude 'libprotobuf.a' \
    --exclude 'libprotoc*' \
    --exclude 'libprotobuf-lite.*' \
    --exclude 'protobuf-lite.pc' \
    /home/me/checkmk/omd/build/intermediate_install/protobuf-3.20.1-library/ /home/me/checkmk/omd/debian/check-mk-raw-2.3.0b1/omd/versions/2.3.0b1.cre/
/usr/bin/touch /home/me/checkmk/omd/build/stamps/protobuf-3.20.1-install-library
+++ Unpacking /home/me/.cache/checkmk/packages/protobuf-3.20.1-python_6-python3.11_2.3.0_UBUNTU_22.04.tar.gz to /home/me/checkmk/omd/build/intermediate_install/protobuf-3.20.1-python
if [ -n "" ] && ! curl -sf -u ":" --head "/protobuf-3.20.1-python_6-python3.11_2.3.0_UBUNTU_22.04.tar.gz" >/dev/null; then echo "+++ Package not found on nexus. Upload package..." && if ! curl -sSf -u ":" --upload-file "/home/me/.cache/checkmk/packages/protobuf-3.20.1-python_6-python3.11_2.3.0_UBUNTU_22.04.tar.gz" "/" ; then echo "+++ ERROR: Upload failed. Continuing with build..." ; fi fi
/usr/bin/touch /home/me/checkmk/omd/build/stamps/protobuf-3.20.1-cache-pkg-process-python
/usr/bin/rsync -a /home/me/checkmk/omd/build/intermediate_install/protobuf-3.20.1-python/ /home/me/checkmk/omd/debian/check-mk-raw-2.3.0b1/omd/versions/2.3.0b1.cre/
/usr/bin/touch /home/me/checkmk/omd/build/stamps/protobuf-3.20.1-install-python
+++ [1692565322] Build step '/home/me/checkmk/omd/build/stamps/protobuf-3.20.1-install-log': done
+++ Unpacking /home/me/.cache/checkmk/packages/python3-modules-1.1_19-b7ba6fd3dcad4c5e288c43ed2aa66fb0_2.3.0_UBUNTU_22.04.tar.gz to /home/me/checkmk/omd/build/intermediate_install/python3-modules-1.1
if [ -n "" ] && ! curl -sf -u ":" --head "/python3-modules-1.1_19-b7ba6fd3dcad4c5e288c43ed2aa66fb0_2.3.0_UBUNTU_22.04.tar.gz" >/dev/null; then echo "+++ Package not found on nexus. Upload package..." && if ! curl -sSf -u ":" --upload-file "/home/me/.cache/checkmk/packages/python3-modules-1.1_19-b7ba6fd3dcad4c5e288c43ed2aa66fb0_2.3.0_UBUNTU_22.04.tar.gz" "/" ; then echo "+++ ERROR: Upload failed. Continuing with build..." ; fi fi
set -e ; for F in $(find /home/me/checkmk/omd/build/intermediate_install/python3-modules-1.1 -name \*.so); do \
    patchelf --set-rpath "/omd/versions/2.3.0b1.cre/lib" $F; \
    echo -n "Test rpath of $F..." ; \
	if patchelf --print-rpath "$F" | grep "/omd/versions/2.3.0b1.cre/lib" >/dev/null 2>&1; then \
	    echo OK ; \
	else \
	    echo "ERROR ($(patchelf --print-rpath $F))"; \
	    exit 1 ; \
	fi \
done
Test rpath of /home/me/checkmk/omd/build/intermediate_install/python3-modules-1.1/lib/python3.11/site-packages/_ldap.cpython-311-x86_64-linux-gnu.so...OK
Test rpath of /home/me/checkmk/omd/build/intermediate_install/python3-modules-1.1/lib/python3.11/site-packages/reportlab/lib/_rl_accel.cpython-311-x86_64-linux-gnu.so...OK
Test rpath of /home/me/checkmk/omd/build/intermediate_install/python3-modules-1.1/lib/python3.11/site-packages/reportlab/graphics/_renderPM.cpython-311-x86_64-linux-gnu.so...OK
Test rpath of /home/me/checkmk/omd/build/intermediate_install/python3-modules-1.1/lib/python3.11/site-packages/PIL/_imagingtk.cpython-311-x86_64-linux-gnu.so...OK
Test rpath of /home/me/checkmk/omd/build/intermediate_install/python3-modules-1.1/lib/python3.11/site-packages/PIL/_imagingmorph.cpython-311-x86_64-linux-gnu.so...OK
Test rpath of /home/me/checkmk/omd/build/intermediate_install/python3-modules-1.1/lib/python3.11/site-packages/PIL/_imaging.cpython-311-x86_64-linux-gnu.so...OK
Test rpath of /home/me/checkmk/omd/build/intermediate_install/python3-modules-1.1/lib/python3.11/site-packages/PIL/_imagingft.cpython-311-x86_64-linux-gnu.so...OK
Test rpath of /home/me/checkmk/omd/build/intermediate_install/python3-modules-1.1/lib/python3.11/site-packages/PIL/_imagingmath.cpython-311-x86_64-linux-gnu.so...OK
Test rpath of /home/me/checkmk/omd/build/intermediate_install/python3-modules-1.1/lib/python3.11/site-packages/cryptography/hazmat/bindings/_openssl.abi3.so...OK
Test rpath of /home/me/checkmk/omd/build/intermediate_install/python3-modules-1.1/lib/python3.11/site-packages/cryptography/hazmat/bindings/_rust.abi3.so...OK
Test rpath of /home/me/checkmk/omd/build/intermediate_install/python3-modules-1.1/lib/python3.11/site-packages/numpy/core/_operand_flag_tests.cpython-311-x86_64-linux-gnu.so...OK
Test rpath of /home/me/checkmk/omd/build/intermediate_install/python3-modules-1.1/lib/python3.11/site-packages/numpy/core/_multiarray_tests.cpython-311-x86_64-linux-gnu.so...OK
Test rpath of /home/me/checkmk/omd/build/intermediate_install/python3-modules-1.1/lib/python3.11/site-packages/numpy/core/_rational_tests.cpython-311-x86_64-linux-gnu.so...OK
Test rpath of /home/me/checkmk/omd/build/intermediate_install/python3-modules-1.1/lib/python3.11/site-packages/numpy/core/_umath_tests.cpython-311-x86_64-linux-gnu.so...OK
Test rpath of /home/me/checkmk/omd/build/intermediate_install/python3-modules-1.1/lib/python3.11/site-packages/numpy/core/_simd.cpython-311-x86_64-linux-gnu.so...OK
Test rpath of /home/me/checkmk/omd/build/intermediate_install/python3-modules-1.1/lib/python3.11/site-packages/numpy/core/_struct_ufunc_tests.cpython-311-x86_64-linux-gnu.so...OK
Test rpath of /home/me/checkmk/omd/build/intermediate_install/python3-modules-1.1/lib/python3.11/site-packages/numpy/core/_multiarray_umath.cpython-311-x86_64-linux-gnu.so...OK
Test rpath of /home/me/checkmk/omd/build/intermediate_install/python3-modules-1.1/lib/python3.11/site-packages/numpy/linalg/_umath_linalg.cpython-311-x86_64-linux-gnu.so...OK
Test rpath of /home/me/checkmk/omd/build/intermediate_install/python3-modules-1.1/lib/python3.11/site-packages/numpy/linalg/lapack_lite.cpython-311-x86_64-linux-gnu.so...OK
Test rpath of /home/me/checkmk/omd/build/intermediate_install/python3-modules-1.1/lib/python3.11/site-packages/numpy/random/_pcg64.cpython-311-x86_64-linux-gnu.so...OK
Test rpath of /home/me/checkmk/omd/build/intermediate_install/python3-modules-1.1/lib/python3.11/site-packages/numpy/random/_philox.cpython-311-x86_64-linux-gnu.so...OK
Test rpath of /home/me/checkmk/omd/build/intermediate_install/python3-modules-1.1/lib/python3.11/site-packages/numpy/random/_common.cpython-311-x86_64-linux-gnu.so...OK
Test rpath of /home/me/checkmk/omd/build/intermediate_install/python3-modules-1.1/lib/python3.11/site-packages/numpy/random/mtrand.cpython-311-x86_64-linux-gnu.so...OK
Test rpath of /home/me/checkmk/omd/build/intermediate_install/python3-modules-1.1/lib/python3.11/site-packages/numpy/random/_sfc64.cpython-311-x86_64-linux-gnu.so...OK
Test rpath of /home/me/checkmk/omd/build/intermediate_install/python3-modules-1.1/lib/python3.11/site-packages/numpy/random/bit_generator.cpython-311-x86_64-linux-gnu.so...OK
Test rpath of /home/me/checkmk/omd/build/intermediate_install/python3-modules-1.1/lib/python3.11/site-packages/numpy/random/_mt19937.cpython-311-x86_64-linux-gnu.so...OK
Test rpath of /home/me/checkmk/omd/build/intermediate_install/python3-modules-1.1/lib/python3.11/site-packages/numpy/random/_bounded_integers.cpython-311-x86_64-linux-gnu.so...OK
Test rpath of /home/me/checkmk/omd/build/intermediate_install/python3-modules-1.1/lib/python3.11/site-packages/numpy/random/_generator.cpython-311-x86_64-linux-gnu.so...OK
Test rpath of /home/me/checkmk/omd/build/intermediate_install/python3-modules-1.1/lib/python3.11/site-packages/numpy/fft/_pocketfft_internal.cpython-311-x86_64-linux-gnu.so...OK
Test rpath of /home/me/checkmk/omd/build/intermediate_install/python3-modules-1.1/lib/python3.11/site-packages/psutil/_psutil_posix.abi3.so...OK
Test rpath of /home/me/checkmk/omd/build/intermediate_install/python3-modules-1.1/lib/python3.11/site-packages/psutil/_psutil_linux.abi3.so...OK
Test rpath of /home/me/checkmk/omd/build/intermediate_install/python3-modules-1.1/lib/python3.11/site-packages/_cffi_backend.cpython-311-x86_64-linux-gnu.so...OK
Test rpath of /home/me/checkmk/omd/build/intermediate_install/python3-modules-1.1/lib/python3.11/site-packages/yarl/_quoting_c.cpython-311-x86_64-linux-gnu.so...OK
Test rpath of /home/me/checkmk/omd/build/intermediate_install/python3-modules-1.1/lib/python3.11/site-packages/grpc/_cython/cygrpc.cpython-311-x86_64-linux-gnu.so...OK
Test rpath of /home/me/checkmk/omd/build/intermediate_install/python3-modules-1.1/lib/python3.11/site-packages/bcrypt/_bcrypt.abi3.so...OK
Test rpath of /home/me/checkmk/omd/build/intermediate_install/python3-modules-1.1/lib/python3.11/site-packages/nacl/_sodium.abi3.so...OK
Test rpath of /home/me/checkmk/omd/build/intermediate_install/python3-modules-1.1/lib/python3.11/site-packages/psycopg2/_psycopg.cpython-311-x86_64-linux-gnu.so...OK
Test rpath of /home/me/checkmk/omd/build/intermediate_install/python3-modules-1.1/lib/python3.11/site-packages/lazy_object_proxy/cext.cpython-311-x86_64-linux-gnu.so...OK
Test rpath of /home/me/checkmk/omd/build/intermediate_install/python3-modules-1.1/lib/python3.11/site-packages/aiohttp/_helpers.cpython-311-x86_64-linux-gnu.so...OK
Test rpath of /home/me/checkmk/omd/build/intermediate_install/python3-modules-1.1/lib/python3.11/site-packages/aiohttp/_http_parser.cpython-311-x86_64-linux-gnu.so...OK
Test rpath of /home/me/checkmk/omd/build/intermediate_install/python3-modules-1.1/lib/python3.11/site-packages/aiohttp/_websocket.cpython-311-x86_64-linux-gnu.so...OK
Test rpath of /home/me/checkmk/omd/build/intermediate_install/python3-modules-1.1/lib/python3.11/site-packages/aiohttp/_http_writer.cpython-311-x86_64-linux-gnu.so...OK
Test rpath of /home/me/checkmk/omd/build/intermediate_install/python3-modules-1.1/lib/python3.11/site-packages/Cryptodome/Math/_modexp.abi3.so...OK
Test rpath of /home/me/checkmk/omd/build/intermediate_install/python3-modules-1.1/lib/python3.11/site-packages/Cryptodome/PublicKey/_x25519.abi3.so...OK
Test rpath of /home/me/checkmk/omd/build/intermediate_install/python3-modules-1.1/lib/python3.11/site-packages/Cryptodome/PublicKey/_ec_ws.abi3.so...OK
Test rpath of /home/me/checkmk/omd/build/intermediate_install/python3-modules-1.1/lib/python3.11/site-packages/Cryptodome/PublicKey/_ed448.abi3.so...OK
Test rpath of /home/me/checkmk/omd/build/intermediate_install/python3-modules-1.1/lib/python3.11/site-packages/Cryptodome/PublicKey/_ed25519.abi3.so...OK
Test rpath of /home/me/checkmk/omd/build/intermediate_install/python3-modules-1.1/lib/python3.11/site-packages/Cryptodome/Cipher/_pkcs1_decode.abi3.so...OK
Test rpath of /home/me/checkmk/omd/build/intermediate_install/python3-modules-1.1/lib/python3.11/site-packages/Cryptodome/Cipher/_raw_des3.abi3.so...OK
Test rpath of /home/me/checkmk/omd/build/intermediate_install/python3-modules-1.1/lib/python3.11/site-packages/Cryptodome/Cipher/_raw_ocb.abi3.so...OK
Test rpath of /home/me/checkmk/omd/build/intermediate_install/python3-modules-1.1/lib/python3.11/site-packages/Cryptodome/Cipher/_raw_aesni.abi3.so...OK
Test rpath of /home/me/checkmk/omd/build/intermediate_install/python3-modules-1.1/lib/python3.11/site-packages/Cryptodome/Cipher/_raw_des.abi3.so...OK
Test rpath of /home/me/checkmk/omd/build/intermediate_install/python3-modules-1.1/lib/python3.11/site-packages/Cryptodome/Cipher/_raw_arc2.abi3.so...OK
Test rpath of /home/me/checkmk/omd/build/intermediate_install/python3-modules-1.1/lib/python3.11/site-packages/Cryptodome/Cipher/_raw_blowfish.abi3.so...OK
Test rpath of /home/me/checkmk/omd/build/intermediate_install/python3-modules-1.1/lib/python3.11/site-packages/Cryptodome/Cipher/_raw_ecb.abi3.so...OK
Test rpath of /home/me/checkmk/omd/build/intermediate_install/python3-modules-1.1/lib/python3.11/site-packages/Cryptodome/Cipher/_raw_ctr.abi3.so...OK
Test rpath of /home/me/checkmk/omd/build/intermediate_install/python3-modules-1.1/lib/python3.11/site-packages/Cryptodome/Cipher/_Salsa20.abi3.so...OK
Test rpath of /home/me/checkmk/omd/build/intermediate_install/python3-modules-1.1/lib/python3.11/site-packages/Cryptodome/Cipher/_raw_eksblowfish.abi3.so...OK
Test rpath of /home/me/checkmk/omd/build/intermediate_install/python3-modules-1.1/lib/python3.11/site-packages/Cryptodome/Cipher/_raw_cbc.abi3.so...OK
Test rpath of /home/me/checkmk/omd/build/intermediate_install/python3-modules-1.1/lib/python3.11/site-packages/Cryptodome/Cipher/_ARC4.abi3.so...OK
Test rpath of /home/me/checkmk/omd/build/intermediate_install/python3-modules-1.1/lib/python3.11/site-packages/Cryptodome/Cipher/_raw_ofb.abi3.so...OK
Test rpath of /home/me/checkmk/omd/build/intermediate_install/python3-modules-1.1/lib/python3.11/site-packages/Cryptodome/Cipher/_raw_aes.abi3.so...OK
Test rpath of /home/me/checkmk/omd/build/intermediate_install/python3-modules-1.1/lib/python3.11/site-packages/Cryptodome/Cipher/_raw_cast.abi3.so...OK
Test rpath of /home/me/checkmk/omd/build/intermediate_install/python3-modules-1.1/lib/python3.11/site-packages/Cryptodome/Cipher/_chacha20.abi3.so...OK
Test rpath of /home/me/checkmk/omd/build/intermediate_install/python3-modules-1.1/lib/python3.11/site-packages/Cryptodome/Cipher/_raw_cfb.abi3.so...OK
Test rpath of /home/me/checkmk/omd/build/intermediate_install/python3-modules-1.1/lib/python3.11/site-packages/Cryptodome/Util/_strxor.abi3.so...OK
Test rpath of /home/me/checkmk/omd/build/intermediate_install/python3-modules-1.1/lib/python3.11/site-packages/Cryptodome/Util/_cpuid_c.abi3.so...OK
Test rpath of /home/me/checkmk/omd/build/intermediate_install/python3-modules-1.1/lib/python3.11/site-packages/Cryptodome/Hash/_ghash_portable.abi3.so...OK
Test rpath of /home/me/checkmk/omd/build/intermediate_install/python3-modules-1.1/lib/python3.11/site-packages/Cryptodome/Hash/_MD5.abi3.so...OK
Test rpath of /home/me/checkmk/omd/build/intermediate_install/python3-modules-1.1/lib/python3.11/site-packages/Cryptodome/Hash/_poly1305.abi3.so...OK
Test rpath of /home/me/checkmk/omd/build/intermediate_install/python3-modules-1.1/lib/python3.11/site-packages/Cryptodome/Hash/_keccak.abi3.so...OK
Test rpath of /home/me/checkmk/omd/build/intermediate_install/python3-modules-1.1/lib/python3.11/site-packages/Cryptodome/Hash/_RIPEMD160.abi3.so...OK
Test rpath of /home/me/checkmk/omd/build/intermediate_install/python3-modules-1.1/lib/python3.11/site-packages/Cryptodome/Hash/_SHA224.abi3.so...OK
Test rpath of /home/me/checkmk/omd/build/intermediate_install/python3-modules-1.1/lib/python3.11/site-packages/Cryptodome/Hash/_MD4.abi3.so...OK
Test rpath of /home/me/checkmk/omd/build/intermediate_install/python3-modules-1.1/lib/python3.11/site-packages/Cryptodome/Hash/_BLAKE2b.abi3.so...OK
Test rpath of /home/me/checkmk/omd/build/intermediate_install/python3-modules-1.1/lib/python3.11/site-packages/Cryptodome/Hash/_BLAKE2s.abi3.so...OK
Test rpath of /home/me/checkmk/omd/build/intermediate_install/python3-modules-1.1/lib/python3.11/site-packages/Cryptodome/Hash/_SHA512.abi3.so...OK
Test rpath of /home/me/checkmk/omd/build/intermediate_install/python3-modules-1.1/lib/python3.11/site-packages/Cryptodome/Hash/_SHA256.abi3.so...OK
Test rpath of /home/me/checkmk/omd/build/intermediate_install/python3-modules-1.1/lib/python3.11/site-packages/Cryptodome/Hash/_SHA384.abi3.so...OK
Test rpath of /home/me/checkmk/omd/build/intermediate_install/python3-modules-1.1/lib/python3.11/site-packages/Cryptodome/Hash/_SHA1.abi3.so...OK
Test rpath of /home/me/checkmk/omd/build/intermediate_install/python3-modules-1.1/lib/python3.11/site-packages/Cryptodome/Hash/_MD2.abi3.so...OK
Test rpath of /home/me/checkmk/omd/build/intermediate_install/python3-modules-1.1/lib/python3.11/site-packages/Cryptodome/Hash/_ghash_clmul.abi3.so...OK
Test rpath of /home/me/checkmk/omd/build/intermediate_install/python3-modules-1.1/lib/python3.11/site-packages/Cryptodome/Protocol/_scrypt.abi3.so...OK
Test rpath of /home/me/checkmk/omd/build/intermediate_install/python3-modules-1.1/lib/python3.11/site-packages/lxml/sax.cpython-311-x86_64-linux-gnu.so...OK
Test rpath of /home/me/checkmk/omd/build/intermediate_install/python3-modules-1.1/lib/python3.11/site-packages/lxml/builder.cpython-311-x86_64-linux-gnu.so...OK
Test rpath of /home/me/checkmk/omd/build/intermediate_install/python3-modules-1.1/lib/python3.11/site-packages/lxml/html/diff.cpython-311-x86_64-linux-gnu.so...OK
Test rpath of /home/me/checkmk/omd/build/intermediate_install/python3-modules-1.1/lib/python3.11/site-packages/lxml/html/clean.cpython-311-x86_64-linux-gnu.so...OK
Test rpath of /home/me/checkmk/omd/build/intermediate_install/python3-modules-1.1/lib/python3.11/site-packages/lxml/_elementpath.cpython-311-x86_64-linux-gnu.so...OK
Test rpath of /home/me/checkmk/omd/build/intermediate_install/python3-modules-1.1/lib/python3.11/site-packages/lxml/objectify.cpython-311-x86_64-linux-gnu.so...OK
Test rpath of /home/me/checkmk/omd/build/intermediate_install/python3-modules-1.1/lib/python3.11/site-packages/lxml/etree.cpython-311-x86_64-linux-gnu.so...OK
Test rpath of /home/me/checkmk/omd/build/intermediate_install/python3-modules-1.1/lib/python3.11/site-packages/pvectorc.cpython-311-x86_64-linux-gnu.so...OK
Test rpath of /home/me/checkmk/omd/build/intermediate_install/python3-modules-1.1/lib/python3.11/site-packages/setproctitle/_setproctitle.cpython-311-x86_64-linux-gnu.so...OK
Test rpath of /home/me/checkmk/omd/build/intermediate_install/python3-modules-1.1/lib/python3.11/site-packages/multidict/_multidict.cpython-311-x86_64-linux-gnu.so...OK
Test rpath of /home/me/checkmk/omd/build/intermediate_install/python3-modules-1.1/lib/python3.11/site-packages/wrapt/_wrappers.cpython-311-x86_64-linux-gnu.so...OK
Test rpath of /home/me/checkmk/omd/build/intermediate_install/python3-modules-1.1/lib/python3.11/site-packages/Cython/Plex/Scanners.cpython-311-x86_64-linux-gnu.so...OK
Test rpath of /home/me/checkmk/omd/build/intermediate_install/python3-modules-1.1/lib/python3.11/site-packages/Cython/Plex/Actions.cpython-311-x86_64-linux-gnu.so...OK
Test rpath of /home/me/checkmk/omd/build/intermediate_install/python3-modules-1.1/lib/python3.11/site-packages/Cython/Compiler/FusedNode.cpython-311-x86_64-linux-gnu.so...OK
Test rpath of /home/me/checkmk/omd/build/intermediate_install/python3-modules-1.1/lib/python3.11/site-packages/Cython/Compiler/Scanning.cpython-311-x86_64-linux-gnu.so...OK
Test rpath of /home/me/checkmk/omd/build/intermediate_install/python3-modules-1.1/lib/python3.11/site-packages/Cython/Compiler/Visitor.cpython-311-x86_64-linux-gnu.so...OK
Test rpath of /home/me/checkmk/omd/build/intermediate_install/python3-modules-1.1/lib/python3.11/site-packages/Cython/Compiler/FlowControl.cpython-311-x86_64-linux-gnu.so...OK
Test rpath of /home/me/checkmk/omd/build/intermediate_install/python3-modules-1.1/lib/python3.11/site-packages/Cython/Tempita/_tempita.cpython-311-x86_64-linux-gnu.so...OK
Test rpath of /home/me/checkmk/omd/build/intermediate_install/python3-modules-1.1/lib/python3.11/site-packages/Cython/Runtime/refnanny.cpython-311-x86_64-linux-gnu.so...OK
Test rpath of /home/me/checkmk/omd/build/intermediate_install/python3-modules-1.1/lib/python3.11/site-packages/frozenlist/_frozenlist.cpython-311-x86_64-linux-gnu.so...OK
Test rpath of /home/me/checkmk/omd/build/intermediate_install/python3-modules-1.1/lib/python3.11/site-packages/markupsafe/_speedups.cpython-311-x86_64-linux-gnu.so...OK
Test rpath of /home/me/checkmk/omd/build/intermediate_install/python3-modules-1.1/lib/python3.11/site-packages/activedirectory/protocol/krb5.cpython-311-x86_64-linux-gnu.so...OK
Test rpath of /home/me/checkmk/omd/build/intermediate_install/python3-modules-1.1/lib/python3.11/site-packages/pymssql/_mssql.cpython-311-x86_64-linux-gnu.so...OK
Test rpath of /home/me/checkmk/omd/build/intermediate_install/python3-modules-1.1/lib/python3.11/site-packages/pymssql/_pymssql.cpython-311-x86_64-linux-gnu.so...OK
Test rpath of /home/me/checkmk/omd/build/intermediate_install/python3-modules-1.1/lib/python3.11/site-packages/kerberos.cpython-311-x86_64-linux-gnu.so...OK
/usr/bin/touch /home/me/checkmk/omd/build/stamps/python3-modules-1.1-cache-pkg-process
/usr/bin/mkdir -p /home/me/checkmk/omd/debian/check-mk-raw-2.3.0b1/omd/versions/2.3.0b1.cre/skel
set -e ; \
    PACKAGE_NAME="$(echo "python3-modules-1.1" | sed 's/-[0-9.]\+.*//')"; \
    PACKAGE_PATH="/home/me/checkmk/omd/packages/$PACKAGE_NAME"; \
    if [ ! -d "$PACKAGE_PATH" ]; then \
	echo "ERROR: Package directory does not exist" ; \
	exit 1; \
    fi ; \
    if [ -d "$PACKAGE_PATH/skel" ]; then \
	tar cf - -C "$PACKAGE_PATH/skel" \
	    --exclude="*~" \
	    --exclude=".gitignore" \
	    --exclude=".f12" \
	    . | tar xvf - -C /home/me/checkmk/omd/debian/check-mk-raw-2.3.0b1/omd/versions/2.3.0b1.cre/skel ; \
            fi
/usr/bin/rsync -a /home/me/checkmk/omd/build/intermediate_install/python3-modules-1.1/ /home/me/checkmk/omd/debian/check-mk-raw-2.3.0b1/omd/versions/2.3.0b1.cre/
/usr/bin/touch /home/me/checkmk/omd/build/stamps/python3-modules-1.1-install
+++ [1692565329] Build step '/home/me/checkmk/omd/build/stamps/python3-modules-1.1-install-log': done
/usr/bin/mkdir -p /home/me/checkmk/omd/debian/check-mk-raw-2.3.0b1/omd/versions/2.3.0b1.cre/skel
set -e ; \
    PACKAGE_NAME="$(echo "rrdtool-1.7.2" | sed 's/-[0-9.]\+.*//')"; \
    PACKAGE_PATH="/home/me/checkmk/omd/packages/$PACKAGE_NAME"; \
    if [ ! -d "$PACKAGE_PATH" ]; then \
	echo "ERROR: Package directory does not exist" ; \
	exit 1; \
    fi ; \
    if [ -d "$PACKAGE_PATH/skel" ]; then \
	tar cf - -C "$PACKAGE_PATH/skel" \
	    --exclude="*~" \
	    --exclude=".gitignore" \
	    --exclude=".f12" \
	    . | tar xvf - -C /home/me/checkmk/omd/debian/check-mk-raw-2.3.0b1/omd/versions/2.3.0b1.cre/skel ; \
            fi
./
./tmp/
./tmp/rrdcached/
./var/
./var/rrdcached/
./etc/
./etc/rrdcached.d/
./etc/rc.d/
./etc/rc.d/20-rrdcached
./etc/init.d/
./etc/init.d/rrdcached
./etc/logrotate.d/
./etc/logrotate.d/rrdcached
./etc/rrdcached.conf
+++ Unpacking /home/me/.cache/checkmk/packages/rrdtool-1.7.2-bindings_5-python3.11_2.3.0_UBUNTU_22.04.tar.gz to /home/me/checkmk/omd/build/intermediate_install/rrdtool-1.7.2-bindings
if [ -n "" ] && ! curl -sf -u ":" --head "/rrdtool-1.7.2-bindings_5-python3.11_2.3.0_UBUNTU_22.04.tar.gz" >/dev/null; then echo "+++ Package not found on nexus. Upload package..." && if ! curl -sSf -u ":" --upload-file "/home/me/.cache/checkmk/packages/rrdtool-1.7.2-bindings_5-python3.11_2.3.0_UBUNTU_22.04.tar.gz" "/" ; then echo "+++ ERROR: Upload failed. Continuing with build..." ; fi fi
/usr/bin/touch /home/me/checkmk/omd/build/stamps/rrdtool-1.7.2-cache-pkg-process-bindings
/usr/bin/rsync -a /home/me/checkmk/omd/build/intermediate_install/rrdtool-1.7.2-bindings/ /home/me/checkmk/omd/debian/check-mk-raw-2.3.0b1/omd/versions/2.3.0b1.cre/
/usr/bin/touch /home/me/checkmk/omd/build/stamps/rrdtool-1.7.2-install-bindings
+++ Unpacking /home/me/.cache/checkmk/packages/rrdtool-1.7.2-library_5-python3.11_2.3.0_UBUNTU_22.04.tar.gz to /home/me/checkmk/omd/build/intermediate_install/rrdtool-1.7.2-library
if [ -n "" ] && ! curl -sf -u ":" --head "/rrdtool-1.7.2-library_5-python3.11_2.3.0_UBUNTU_22.04.tar.gz" >/dev/null; then echo "+++ Package not found on nexus. Upload package..." && if ! curl -sSf -u ":" --upload-file "/home/me/.cache/checkmk/packages/rrdtool-1.7.2-library_5-python3.11_2.3.0_UBUNTU_22.04.tar.gz" "/" ; then echo "+++ ERROR: Upload failed. Continuing with build..." ; fi fi
/usr/bin/touch /home/me/checkmk/omd/build/stamps/rrdtool-1.7.2-cache-pkg-process-library
/usr/bin/rsync -a /home/me/checkmk/omd/build/intermediate_install/rrdtool-1.7.2-library/ /home/me/checkmk/omd/debian/check-mk-raw-2.3.0b1/omd/versions/2.3.0b1.cre/
/usr/bin/touch /home/me/checkmk/omd/build/stamps/rrdtool-1.7.2-install-library
+++ [1692565330] Build step '/home/me/checkmk/omd/build/stamps/rrdtool-1.7.2-install-log': done
"../scripts/run-bazel-build.sh" @lcab//:lcab
make[2]: Entering directory '/home/me/checkmk'
make[2]: Leaving directory '/home/me/checkmk'
=========================================================================
Environment variables taken into account by Bazel building "@lcab//:lcab"
  BAZEL_EXTRA_ARGS: 
  PATH: /opt/bin:/usr/local/sbin:/usr/local/bin:/usr/sbin:/usr/bin:/sbin:/bin
  SYSTEM_DIGEST: {
  'sha1sum:/usr/lib/x86_64-linux-gnu/libc.so': 'bf300e22c0e6cf4e8e2168172421cba3423fc08e',
  'sha1sum:/lib64/libc.so.6': '--',
  'sha1sum:/usr/lib64/libc.so': '--',
  'sha1sum:/opt/gcc-13.2.0': '--',
  'eval:os-release-name': 'Ubuntu 22.04.3 LTS'
}

A file /home/me/checkmk/bazel_execution_log-lcab_lcab.json will be generated by Bazel containing
information about caching
=========================================================================
bazel 6.1.1

BAZEL REMOTE CACHING NOT CONFIGURED!
To do so, set BAZEL_CACHE_URL, BAZEL_CACHE_USER and BAZEL_CACHE_PASSWORD

=========================================================================
Loading: 
Loading: 
Loading: 0 packages loaded
Analyzing: target @lcab//:lcab (0 packages loaded, 0 targets configured)
INFO: Analyzed target @lcab//:lcab (0 packages loaded, 0 targets configured).
INFO: Found 1 target...
[0 / 1] [Prepa] BazelWorkspaceStatusAction stable-status.txt
Target @lcab//:lcab up-to-date:
  bazel-bin/external/lcab/lcab/include
  bazel-bin/external/lcab/lcab/bin/lcab
  bazel-bin/external/lcab/copy_lcab/lcab
INFO: Elapsed time: 0.421s, Critical Path: 0.00s
INFO: 1 process: 1 internal.
INFO: Build completed successfully, 1 total action
/usr/bin/mkdir -p /home/me/checkmk/omd/debian/check-mk-raw-2.3.0b1/omd/versions/2.3.0b1.cre/skel
set -e ; \
    PACKAGE_NAME="$(echo "lcab" | sed 's/-[0-9.]\+.*//')"; \
    PACKAGE_PATH="/home/me/checkmk/omd/packages/$PACKAGE_NAME"; \
    if [ ! -d "$PACKAGE_PATH" ]; then \
	echo "ERROR: Package directory does not exist" ; \
	exit 1; \
    fi ; \
    if [ -d "$PACKAGE_PATH/skel" ]; then \
	tar cf - -C "$PACKAGE_PATH/skel" \
	    --exclude="*~" \
	    --exclude=".gitignore" \
	    --exclude=".f12" \
	    . | tar xvf - -C /home/me/checkmk/omd/debian/check-mk-raw-2.3.0b1/omd/versions/2.3.0b1.cre/skel ; \
            fi
/usr/bin/rsync -a --chmod=u+w ""/home/me/checkmk/bazel-bin"/external"/lcab/lcab/bin /home/me/checkmk/omd/debian/check-mk-raw-2.3.0b1/omd/versions/2.3.0b1.cre/
+++ [1692565331] Build step '/home/me/checkmk/omd/build/stamps/lcab-install-log': done
"../scripts/run-bazel-build.sh" @msitools//:msitools
make[2]: Entering directory '/home/me/checkmk'
make[2]: Leaving directory '/home/me/checkmk'
=========================================================================
Environment variables taken into account by Bazel building "@msitools//:msitools"
  BAZEL_EXTRA_ARGS: 
  PATH: /opt/bin:/usr/local/sbin:/usr/local/bin:/usr/sbin:/usr/bin:/sbin:/bin
  SYSTEM_DIGEST: {
  'sha1sum:/usr/lib/x86_64-linux-gnu/libc.so': 'bf300e22c0e6cf4e8e2168172421cba3423fc08e',
  'sha1sum:/lib64/libc.so.6': '--',
  'sha1sum:/usr/lib64/libc.so': '--',
  'sha1sum:/opt/gcc-13.2.0': '--',
  'eval:os-release-name': 'Ubuntu 22.04.3 LTS'
}

A file /home/me/checkmk/bazel_execution_log-msitools_msitools.json will be generated by Bazel containing
information about caching
=========================================================================
bazel 6.1.1

BAZEL REMOTE CACHING NOT CONFIGURED!
To do so, set BAZEL_CACHE_URL, BAZEL_CACHE_USER and BAZEL_CACHE_PASSWORD

=========================================================================
Loading: 
Loading: 
Loading: 0 packages loaded
Loading: 0 packages loaded
Loading: 0 packages loaded
Loading: 0 packages loaded
Loading: 0 packages loaded
Loading: 0 packages loaded
Loading: 0 packages loaded
Loading: 0 packages loaded
Loading: 0 packages loaded
Loading: 0 packages loaded
Loading: 0 packages loaded
Loading: 0 packages loaded
Loading: 0 packages loaded
Loading: 0 packages loaded
Loading: 0 packages loaded
INFO: Repository msitools instantiated at:
  /home/me/checkmk/WORKSPACE:170:9: in <toplevel>
  /home/me/checkmk/omd/packages/msitools/msitools_http.bzl:6:17: in msitools
Repository rule http_archive defined at:
  /home/me/.cache/bazel/_bazel_me/1d629c345b61ecdc98c4c169eba6f9ee/external/bazel_tools/tools/build_defs/repo/http.bzl:372:31: in <toplevel>
WARNING: Download from http://ftp.gnome.org/pub/GNOME/sources/msitools/0.94/msitools-0.94.tar.gz failed: class java.io.FileNotFoundException GET returned 404 Not Found
WARNING: Download from https://artifacts.lan.tribe29.com/repository/upstream-archives/msitools-0.94.tar.gz failed: class java.io.IOException connect timed out
ERROR: An error occurred during the fetch of repository 'msitools':
   Traceback (most recent call last):
	File "/home/me/.cache/bazel/_bazel_me/1d629c345b61ecdc98c4c169eba6f9ee/external/bazel_tools/tools/build_defs/repo/http.bzl", line 132, column 45, in _http_archive_impl
		download_info = ctx.download_and_extract(
Error in download_and_extract: java.io.IOException: Error downloading [http://ftp.gnome.org/pub/GNOME/sources/msitools/0.94/msitools-0.94.tar.gz, https://artifacts.lan.tribe29.com/repository/upstream-archives/msitools-0.94.tar.gz] to /home/me/.cache/bazel/_bazel_me/1d629c345b61ecdc98c4c169eba6f9ee/external/msitools/temp14304645192645907484/msitools-0.94.tar.gz: connect timed out
ERROR: /home/me/checkmk/WORKSPACE:170:9: fetching http_archive rule //external:msitools: Traceback (most recent call last):
	File "/home/me/.cache/bazel/_bazel_me/1d629c345b61ecdc98c4c169eba6f9ee/external/bazel_tools/tools/build_defs/repo/http.bzl", line 132, column 45, in _http_archive_impl
		download_info = ctx.download_and_extract(
Error in download_and_extract: java.io.IOException: Error downloading [http://ftp.gnome.org/pub/GNOME/sources/msitools/0.94/msitools-0.94.tar.gz, https://artifacts.lan.tribe29.com/repository/upstream-archives/msitools-0.94.tar.gz] to /home/me/.cache/bazel/_bazel_me/1d629c345b61ecdc98c4c169eba6f9ee/external/msitools/temp14304645192645907484/msitools-0.94.tar.gz: connect timed out
ERROR: java.io.IOException: Error downloading [http://ftp.gnome.org/pub/GNOME/sources/msitools/0.94/msitools-0.94.tar.gz, https://artifacts.lan.tribe29.com/repository/upstream-archives/msitools-0.94.tar.gz] to /home/me/.cache/bazel/_bazel_me/1d629c345b61ecdc98c4c169eba6f9ee/external/msitools/temp14304645192645907484/msitools-0.94.tar.gz: connect timed out
INFO: Elapsed time: 56.228s
INFO: 0 processes.
FAILED: Build did NOT complete successfully (0 packages loaded)
make[1]: *** [packages/msitools/msitools.make:12: /home/me/checkmk/omd/build/stamps/msitools-build] Error 1
make[1]: Leaving directory '/home/me/checkmk/omd'
make: *** [debian/rules:42: install] Error 2
dpkg-buildpackage: error: debian/rules build-arch subprocess returned exit status 2
debuild: fatal error at line 1182:
dpkg-buildpackage --rules-target build-arch -rfakeroot -us -uc -ui -i.git -I.git -i.gitignore -I.gitignore failed
make[1]: *** [Makefile:300: deb] Error 2
make[1]: Leaving directory '/home/me/checkmk/omd'
make: *** [Makefile:77: deb] Error 2
